# JRE version: OpenJDK Runtime Environment Temurin-17.0.9+9 (17.0.9+9) (build 17.0.9+9)
# Java VM: OpenJDK 64-Bit Server VM Temurin-17.0.9+9 (17.0.9+9, mixed mode, tiered, compressed oops, compressed class ptrs, parallel gc, windows-amd64)
GC Precious Log:
 CPUs: 6 total, 6 available
 Memory: 8038M
 Large Page Support: Disabled
 NUMA Support: Disabled
 Compressed Oops: Enabled (32-bit)
 Alignments: Space 512K, Generation 512K, Heap 2M
 Heap Min Capacity: 100M
 Heap Initial Capacity: 100M
 Heap Max Capacity: 1G
 Pre-touch: Disabled
 Parallel Workers: 6
Heap:
 PSYoungGen      total 22528K, used 19441K [0x00000000eab00000, 0x00000000ec480000, 0x0000000100000000)
  eden space 22016K, 86% used [0x00000000eab00000,0x00000000ebd9c5e0,0x00000000ec080000)
  from space 512K, 75% used [0x00000000ec400000,0x00000000ec460000,0x00000000ec480000)
  to   space 512K, 0% used [0x00000000ec380000,0x00000000ec380000,0x00000000ec400000)
 ParOldGen       total 68608K, used 16372K [0x00000000c0000000, 0x00000000c4300000, 0x00000000eab00000)
  object space 68608K, 23% used [0x00000000c0000000,0x00000000c0ffd3c8,0x00000000c4300000)
 Metaspace       used 43302K, committed 44096K, reserved 1114112K
  class space    used 4407K, committed 4800K, reserved 1048576K
GC Heap History (20 events):
Event: 1.769 GC heap before
{Heap before GC invocations=7 (full 1):
 PSYoungGen      total 26112K, used 25945K [0x00000000eab00000, 0x00000000ec880000, 0x0000000100000000)
  eden space 25088K, 100% used [0x00000000eab00000,0x00000000ec380000,0x00000000ec380000)
  from space 1024K, 83% used [0x00000000ec400000,0x00000000ec4d6458,0x00000000ec500000)
  to   space 2560K, 0% used [0x00000000ec600000,0x00000000ec600000,0x00000000ec880000)
 ParOldGen       total 68608K, used 6639K [0x00000000c0000000, 0x00000000c4300000, 0x00000000eab00000)
  object space 68608K, 9% used [0x00000000c0000000,0x00000000c067bc30,0x00000000c4300000)
 Metaspace       used 26906K, committed 27392K, reserved 1114112K
  class space    used 2592K, committed 2816K, reserved 1048576K
}
Event: 1.770 GC heap after
{Heap after GC invocations=7 (full 1):
 PSYoungGen      total 26112K, used 1212K [0x00000000eab00000, 0x00000000ec780000, 0x0000000100000000)
  eden space 24576K, 0% used [0x00000000eab00000,0x00000000eab00000,0x00000000ec300000)
  from space 1536K, 78% used [0x00000000ec600000,0x00000000ec72f2b0,0x00000000ec780000)
  to   space 1536K, 0% used [0x00000000ec480000,0x00000000ec480000,0x00000000ec600000)
 ParOldGen       total 68608K, used 6647K [0x00000000c0000000, 0x00000000c4300000, 0x00000000eab00000)
  object space 68608K, 9% used [0x00000000c0000000,0x00000000c067dc30,0x00000000c4300000)
 Metaspace       used 26906K, committed 27392K, reserved 1114112K
  class space    used 2592K, committed 2816K, reserved 1048576K
}
Event: 2.594 GC heap before
{Heap before GC invocations=8 (full 1):
 PSYoungGen      total 26112K, used 25788K [0x00000000eab00000, 0x00000000ec780000, 0x0000000100000000)
  eden space 24576K, 100% used [0x00000000eab00000,0x00000000ec300000,0x00000000ec300000)
  from space 1536K, 78% used [0x00000000ec600000,0x00000000ec72f2b0,0x00000000ec780000)
  to   space 1536K, 0% used [0x00000000ec480000,0x00000000ec480000,0x00000000ec600000)
 ParOldGen       total 68608K, used 6647K [0x00000000c0000000, 0x00000000c4300000, 0x00000000eab00000)
  object space 68608K, 9% used [0x00000000c0000000,0x00000000c067dc30,0x00000000c4300000)
 Metaspace       used 31695K, committed 32320K, reserved 1114112K
  class space    used 3122K, committed 3392K, reserved 1048576K
}
Event: 2.596 GC heap after
{Heap after GC invocations=8 (full 1):
 PSYoungGen      total 25600K, used 1533K [0x00000000eab00000, 0x00000000ec980000, 0x0000000100000000)
  eden space 24064K, 0% used [0x00000000eab00000,0x00000000eab00000,0x00000000ec280000)
  from space 1536K, 99% used [0x00000000ec480000,0x00000000ec5ff730,0x00000000ec600000)
  to   space 3584K, 0% used [0x00000000ec600000,0x00000000ec600000,0x00000000ec980000)
 ParOldGen       total 68608K, used 8190K [0x00000000c0000000, 0x00000000c4300000, 0x00000000eab00000)
  object space 68608K, 11% used [0x00000000c0000000,0x00000000c07ffb78,0x00000000c4300000)
 Metaspace       used 31695K, committed 32320K, reserved 1114112K
  class space    used 3122K, committed 3392K, reserved 1048576K
}
Event: 2.860 GC heap before
{Heap before GC invocations=9 (full 1):
 PSYoungGen      total 25600K, used 25597K [0x00000000eab00000, 0x00000000ec980000, 0x0000000100000000)
  eden space 24064K, 100% used [0x00000000eab00000,0x00000000ec280000,0x00000000ec280000)
  from space 1536K, 99% used [0x00000000ec480000,0x00000000ec5ff730,0x00000000ec600000)
  to   space 3584K, 0% used [0x00000000ec600000,0x00000000ec600000,0x00000000ec980000)
 ParOldGen       total 68608K, used 8190K [0x00000000c0000000, 0x00000000c4300000, 0x00000000eab00000)
  object space 68608K, 11% used [0x00000000c0000000,0x00000000c07ffb78,0x00000000c4300000)
 Metaspace       used 34922K, committed 35584K, reserved 1114112K
  class space    used 3540K, committed 3840K, reserved 1048576K
}
Event: 2.861 GC heap after
{Heap after GC invocations=9 (full 1):
 PSYoungGen      total 27136K, used 3130K [0x00000000eab00000, 0x00000000ec980000, 0x0000000100000000)
  eden space 23552K, 0% used [0x00000000eab00000,0x00000000eab00000,0x00000000ec200000)
  from space 3584K, 87% used [0x00000000ec600000,0x00000000ec90e9b8,0x00000000ec980000)
  to   space 3584K, 0% used [0x00000000ec280000,0x00000000ec280000,0x00000000ec600000)
 ParOldGen       total 68608K, used 8198K [0x00000000c0000000, 0x00000000c4300000, 0x00000000eab00000)
  object space 68608K, 11% used [0x00000000c0000000,0x00000000c0801b78,0x00000000c4300000)
 Metaspace       used 34922K, committed 35584K, reserved 1114112K
  class space    used 3540K, committed 3840K, reserved 1048576K
}
Event: 2.897 GC heap before
{Heap before GC invocations=10 (full 1):
 PSYoungGen      total 27136K, used 4811K [0x00000000eab00000, 0x00000000ec980000, 0x0000000100000000)
  eden space 23552K, 7% used [0x00000000eab00000,0x00000000eaca4458,0x00000000ec200000)
  from space 3584K, 87% used [0x00000000ec600000,0x00000000ec90e9b8,0x00000000ec980000)
  to   space 3584K, 0% used [0x00000000ec280000,0x00000000ec280000,0x00000000ec600000)
 ParOldGen       total 68608K, used 8198K [0x00000000c0000000, 0x00000000c4300000, 0x00000000eab00000)
  object space 68608K, 11% used [0x00000000c0000000,0x00000000c0801b78,0x00000000c4300000)
 Metaspace       used 35199K, committed 35840K, reserved 1114112K
  class space    used 3567K, committed 3904K, reserved 1048576K
}
Event: 2.899 GC heap after
{Heap after GC invocations=10 (full 1):
 PSYoungGen      total 26112K, used 2493K [0x00000000eab00000, 0x00000000ec800000, 0x0000000100000000)
  eden space 23552K, 0% used [0x00000000eab00000,0x00000000eab00000,0x00000000ec200000)
  from space 2560K, 97% used [0x00000000ec280000,0x00000000ec4ef678,0x00000000ec500000)
  to   space 3072K, 0% used [0x00000000ec500000,0x00000000ec500000,0x00000000ec800000)
 ParOldGen       total 68608K, used 8948K [0x00000000c0000000, 0x00000000c4300000, 0x00000000eab00000)
  object space 68608K, 13% used [0x00000000c0000000,0x00000000c08bd328,0x00000000c4300000)
 Metaspace       used 35199K, committed 35840K, reserved 1114112K
  class space    used 3567K, committed 3904K, reserved 1048576K
}
Event: 2.899 GC heap before
{Heap before GC invocations=11 (full 2):
 PSYoungGen      total 26112K, used 2493K [0x00000000eab00000, 0x00000000ec800000, 0x0000000100000000)
  eden space 23552K, 0% used [0x00000000eab00000,0x00000000eab00000,0x00000000ec200000)
  from space 2560K, 97% used [0x00000000ec280000,0x00000000ec4ef678,0x00000000ec500000)
  to   space 3072K, 0% used [0x00000000ec500000,0x00000000ec500000,0x00000000ec800000)
 ParOldGen       total 68608K, used 8948K [0x00000000c0000000, 0x00000000c4300000, 0x00000000eab00000)
  object space 68608K, 13% used [0x00000000c0000000,0x00000000c08bd328,0x00000000c4300000)
 Metaspace       used 35199K, committed 35840K, reserved 1114112K
  class space    used 3567K, committed 3904K, reserved 1048576K
}
Event: 2.916 GC heap after
{Heap after GC invocations=11 (full 2):
 PSYoungGen      total 26112K, used 0K [0x00000000eab00000, 0x00000000ec800000, 0x0000000100000000)
  eden space 23552K, 0% used [0x00000000eab00000,0x00000000eab00000,0x00000000ec200000)
  from space 2560K, 0% used [0x00000000ec280000,0x00000000ec280000,0x00000000ec500000)
  to   space 3072K, 0% used [0x00000000ec500000,0x00000000ec500000,0x00000000ec800000)
 ParOldGen       total 68608K, used 11119K [0x00000000c0000000, 0x00000000c4300000, 0x00000000eab00000)
  object space 68608K, 16% used [0x00000000c0000000,0x00000000c0adbcf0,0x00000000c4300000)
 Metaspace       used 35199K, committed 35840K, reserved 1114112K
  class space    used 3567K, committed 3904K, reserved 1048576K
}
Event: 3.073 GC heap before
{Heap before GC invocations=12 (full 2):
 PSYoungGen      total 26112K, used 23552K [0x00000000eab00000, 0x00000000ec800000, 0x0000000100000000)
  eden space 23552K, 100% used [0x00000000eab00000,0x00000000ec200000,0x00000000ec200000)
  from space 2560K, 0% used [0x00000000ec280000,0x00000000ec280000,0x00000000ec500000)
  to   space 3072K, 0% used [0x00000000ec500000,0x00000000ec500000,0x00000000ec800000)
 ParOldGen       total 68608K, used 11119K [0x00000000c0000000, 0x00000000c4300000, 0x00000000eab00000)
  object space 68608K, 16% used [0x00000000c0000000,0x00000000c0adbcf0,0x00000000c4300000)
 Metaspace       used 35985K, committed 36608K, reserved 1114112K
  class space    used 3660K, committed 3968K, reserved 1048576K
}
Event: 3.074 GC heap after
{Heap after GC invocations=12 (full 2):
 PSYoungGen      total 26112K, used 3067K [0x00000000eab00000, 0x00000000ec880000, 0x0000000100000000)
  eden space 23040K, 0% used [0x00000000eab00000,0x00000000eab00000,0x00000000ec180000)
  from space 3072K, 99% used [0x00000000ec500000,0x00000000ec7fee08,0x00000000ec800000)
  to   space 3584K, 0% used [0x00000000ec180000,0x00000000ec180000,0x00000000ec500000)
 ParOldGen       total 68608K, used 11135K [0x00000000c0000000, 0x00000000c4300000, 0x00000000eab00000)
  object space 68608K, 16% used [0x00000000c0000000,0x00000000c0adfcf0,0x00000000c4300000)
 Metaspace       used 35985K, committed 36608K, reserved 1114112K
  class space    used 3660K, committed 3968K, reserved 1048576K
}
Event: 3.324 GC heap before
{Heap before GC invocations=13 (full 2):
 PSYoungGen      total 26112K, used 26080K [0x00000000eab00000, 0x00000000ec880000, 0x0000000100000000)
  eden space 23040K, 99% used [0x00000000eab00000,0x00000000ec179420,0x00000000ec180000)
  from space 3072K, 99% used [0x00000000ec500000,0x00000000ec7fee08,0x00000000ec800000)
  to   space 3584K, 0% used [0x00000000ec180000,0x00000000ec180000,0x00000000ec500000)
 ParOldGen       total 68608K, used 11135K [0x00000000c0000000, 0x00000000c4300000, 0x00000000eab00000)
  object space 68608K, 16% used [0x00000000c0000000,0x00000000c0adfcf0,0x00000000c4300000)
 Metaspace       used 38155K, committed 38848K, reserved 1114112K
  class space    used 3916K, committed 4224K, reserved 1048576K
}
Event: 3.328 GC heap after
{Heap after GC invocations=13 (full 2):
 PSYoungGen      total 25600K, used 2760K [0x00000000eab00000, 0x00000000ec700000, 0x0000000100000000)
  eden space 22528K, 0% used [0x00000000eab00000,0x00000000eab00000,0x00000000ec100000)
  from space 3072K, 89% used [0x00000000ec180000,0x00000000ec4321f0,0x00000000ec480000)
  to   space 2560K, 0% used [0x00000000ec480000,0x00000000ec480000,0x00000000ec700000)
 ParOldGen       total 68608K, used 13503K [0x00000000c0000000, 0x00000000c4300000, 0x00000000eab00000)
  object space 68608K, 19% used [0x00000000c0000000,0x00000000c0d2fe90,0x00000000c4300000)
 Metaspace       used 38155K, committed 38848K, reserved 1114112K
  class space    used 3916K, committed 4224K, reserved 1048576K
}
Event: 3.446 GC heap before
{Heap before GC invocations=14 (full 2):
 PSYoungGen      total 25600K, used 25288K [0x00000000eab00000, 0x00000000ec700000, 0x0000000100000000)
  eden space 22528K, 100% used [0x00000000eab00000,0x00000000ec100000,0x00000000ec100000)
  from space 3072K, 89% used [0x00000000ec180000,0x00000000ec4321f0,0x00000000ec480000)
  to   space 2560K, 0% used [0x00000000ec480000,0x00000000ec480000,0x00000000ec700000)
 ParOldGen       total 68608K, used 13503K [0x00000000c0000000, 0x00000000c4300000, 0x00000000eab00000)
  object space 68608K, 19% used [0x00000000c0000000,0x00000000c0d2fe90,0x00000000c4300000)
 Metaspace       used 38781K, committed 39488K, reserved 1114112K
  class space    used 3963K, committed 4288K, reserved 1048576K
}
Event: 3.449 GC heap after
{Heap after GC invocations=14 (full 2):
 PSYoungGen      total 23552K, used 1037K [0x00000000eab00000, 0x00000000ec600000, 0x0000000100000000)
  eden space 22016K, 0% used [0x00000000eab00000,0x00000000eab00000,0x00000000ec080000)
  from space 1536K, 67% used [0x00000000ec480000,0x00000000ec583638,0x00000000ec600000)
  to   space 2048K, 0% used [0x00000000ec200000,0x00000000ec200000,0x00000000ec400000)
 ParOldGen       total 68608K, used 16164K [0x00000000c0000000, 0x00000000c4300000, 0x00000000eab00000)
  object space 68608K, 23% used [0x00000000c0000000,0x00000000c0fc93c8,0x00000000c4300000)
 Metaspace       used 38781K, committed 39488K, reserved 1114112K
  class space    used 3963K, committed 4288K, reserved 1048576K
}
Event: 3.606 GC heap before
{Heap before GC invocations=15 (full 2):
 PSYoungGen      total 23552K, used 23053K [0x00000000eab00000, 0x00000000ec600000, 0x0000000100000000)
  eden space 22016K, 100% used [0x00000000eab00000,0x00000000ec080000,0x00000000ec080000)
  from space 1536K, 67% used [0x00000000ec480000,0x00000000ec583638,0x00000000ec600000)
  to   space 2048K, 0% used [0x00000000ec200000,0x00000000ec200000,0x00000000ec400000)
 ParOldGen       total 68608K, used 16164K [0x00000000c0000000, 0x00000000c4300000, 0x00000000eab00000)
  object space 68608K, 23% used [0x00000000c0000000,0x00000000c0fc93c8,0x00000000c4300000)
 Metaspace       used 40019K, committed 40704K, reserved 1114112K
  class space    used 4090K, committed 4416K, reserved 1048576K
}
Event: 3.607 GC heap after
{Heap after GC invocations=15 (full 2):
 PSYoungGen      total 24064K, used 224K [0x00000000eab00000, 0x00000000ec500000, 0x0000000100000000)
  eden space 22016K, 0% used [0x00000000eab00000,0x00000000eab00000,0x00000000ec080000)
  from space 2048K, 10% used [0x00000000ec200000,0x00000000ec238000,0x00000000ec400000)
  to   space 1024K, 0% used [0x00000000ec400000,0x00000000ec400000,0x00000000ec500000)
 ParOldGen       total 68608K, used 16260K [0x00000000c0000000, 0x00000000c4300000, 0x00000000eab00000)
  object space 68608K, 23% used [0x00000000c0000000,0x00000000c0fe13c8,0x00000000c4300000)
 Metaspace       used 40019K, committed 40704K, reserved 1114112K
  class space    used 4090K, committed 4416K, reserved 1048576K
}
Event: 3.876 GC heap before
{Heap before GC invocations=16 (full 2):
 PSYoungGen      total 24064K, used 22240K [0x00000000eab00000, 0x00000000ec500000, 0x0000000100000000)
  eden space 22016K, 100% used [0x00000000eab00000,0x00000000ec080000,0x00000000ec080000)
  from space 2048K, 10% used [0x00000000ec200000,0x00000000ec238000,0x00000000ec400000)
  to   space 1024K, 0% used [0x00000000ec400000,0x00000000ec400000,0x00000000ec500000)
 ParOldGen       total 68608K, used 16260K [0x00000000c0000000, 0x00000000c4300000, 0x00000000eab00000)
  object space 68608K, 23% used [0x00000000c0000000,0x00000000c0fe13c8,0x00000000c4300000)
 Metaspace       used 40935K, committed 41664K, reserved 1114112K
  class space    used 4210K, committed 4544K, reserved 1048576K
}
Event: 3.877 GC heap after
{Heap after GC invocations=16 (full 2):
 PSYoungGen      total 22528K, used 384K [0x00000000eab00000, 0x00000000ec480000, 0x0000000100000000)
  eden space 22016K, 0% used [0x00000000eab00000,0x00000000eab00000,0x00000000ec080000)
  from space 512K, 75% used [0x00000000ec400000,0x00000000ec460000,0x00000000ec480000)
  to   space 512K, 0% used [0x00000000ec380000,0x00000000ec380000,0x00000000ec400000)
 ParOldGen       total 68608K, used 16372K [0x00000000c0000000, 0x00000000c4300000, 0x00000000eab00000)
  object space 68608K, 23% used [0x00000000c0000000,0x00000000c0ffd3c8,0x00000000c4300000)
 Metaspace       used 40935K, committed 41664K, reserved 1114112K
  class space    used 4210K, committed 4544K, reserved 1048576K
}

