# JRE version: OpenJDK Runtime Environment Temurin-17.0.9+9 (17.0.9+9) (build 17.0.9+9)
# Java VM: OpenJDK 64-Bit Server VM Temurin-17.0.9+9 (17.0.9+9, mixed mode, tiered, compressed oops, compressed class ptrs, parallel gc, windows-amd64)
GC Precious Log:
 CPUs: 6 total, 6 available
 Memory: 8038M
 Large Page Support: Disabled
 NUMA Support: Disabled
 Compressed Oops: Enabled (32-bit)
 Alignments: Space 512K, Generation 512K, Heap 2M
 Heap Min Capacity: 100M
 Heap Initial Capacity: 100M
 Heap Max Capacity: 1G
 Pre-touch: Disabled
 Parallel Workers: 6
Heap:
 PSYoungGen      total 16896K, used 16856K [0x00000000eab00000, 0x00000000ec300000, 0x0000000100000000)
  eden space 12288K, 99% used [0x00000000eab00000,0x00000000eb6f7ef0,0x00000000eb700000)
  from space 4608K, 99% used [0x00000000ebd80000,0x00000000ec1fe3d0,0x00000000ec200000)
  to   space 6144K, 0% used [0x00000000eb700000,0x00000000eb700000,0x00000000ebd00000)
 ParOldGen       total 119808K, used 94973K [0x00000000c0000000, 0x00000000c7500000, 0x00000000eab00000)
  object space 119808K, 79% used [0x00000000c0000000,0x00000000c5cbf400,0x00000000c7500000)
 Metaspace       used 74479K, committed 75840K, reserved 1179648K
  class space    used 7900K, committed 8512K, reserved 1048576K
GC Heap History (20 events):
Event: 25.092 GC heap before
{Heap before GC invocations=118 (full 6):
 PSYoungGen      total 12288K, used 12000K [0x00000000eab00000, 0x00000000eba00000, 0x0000000100000000)
  eden space 10752K, 100% used [0x00000000eab00000,0x00000000eb580000,0x00000000eb580000)
  from space 1536K, 81% used [0x00000000eb880000,0x00000000eb9b8040,0x00000000eba00000)
  to   space 2048K, 0% used [0x00000000eb600000,0x00000000eb600000,0x00000000eb800000)
 ParOldGen       total 119808K, used 83153K [0x00000000c0000000, 0x00000000c7500000, 0x00000000eab00000)
  object space 119808K, 69% used [0x00000000c0000000,0x00000000c51344d0,0x00000000c7500000)
 Metaspace       used 71027K, committed 72256K, reserved 1114112K
  class space    used 7411K, committed 7936K, reserved 1048576K
}
Event: 25.093 GC heap after
{Heap after GC invocations=118 (full 6):
 PSYoungGen      total 12288K, used 1392K [0x00000000eab00000, 0x00000000eb900000, 0x0000000100000000)
  eden space 10752K, 0% used [0x00000000eab00000,0x00000000eab00000,0x00000000eb580000)
  from space 1536K, 90% used [0x00000000eb600000,0x00000000eb75c230,0x00000000eb780000)
  to   space 1536K, 0% used [0x00000000eb780000,0x00000000eb780000,0x00000000eb900000)
 ParOldGen       total 119808K, used 85023K [0x00000000c0000000, 0x00000000c7500000, 0x00000000eab00000)
  object space 119808K, 70% used [0x00000000c0000000,0x00000000c5307f70,0x00000000c7500000)
 Metaspace       used 71027K, committed 72256K, reserved 1114112K
  class space    used 7411K, committed 7936K, reserved 1048576K
}
Event: 25.107 GC heap before
{Heap before GC invocations=119 (full 6):
 PSYoungGen      total 12288K, used 11101K [0x00000000eab00000, 0x00000000eb900000, 0x0000000100000000)
  eden space 10752K, 90% used [0x00000000eab00000,0x00000000eb47b2e8,0x00000000eb580000)
  from space 1536K, 90% used [0x00000000eb600000,0x00000000eb75c230,0x00000000eb780000)
  to   space 1536K, 0% used [0x00000000eb780000,0x00000000eb780000,0x00000000eb900000)
 ParOldGen       total 119808K, used 85023K [0x00000000c0000000, 0x00000000c7500000, 0x00000000eab00000)
  object space 119808K, 70% used [0x00000000c0000000,0x00000000c5307f70,0x00000000c7500000)
 Metaspace       used 71030K, committed 72256K, reserved 1114112K
  class space    used 7411K, committed 7936K, reserved 1048576K
}
Event: 25.109 GC heap after
{Heap after GC invocations=119 (full 6):
 PSYoungGen      total 11776K, used 1505K [0x00000000eab00000, 0x00000000eba80000, 0x0000000100000000)
  eden space 10240K, 0% used [0x00000000eab00000,0x00000000eab00000,0x00000000eb500000)
  from space 1536K, 98% used [0x00000000eb780000,0x00000000eb8f85e0,0x00000000eb900000)
  to   space 2560K, 0% used [0x00000000eb500000,0x00000000eb500000,0x00000000eb780000)
 ParOldGen       total 119808K, used 85783K [0x00000000c0000000, 0x00000000c7500000, 0x00000000eab00000)
  object space 119808K, 71% used [0x00000000c0000000,0x00000000c53c5f70,0x00000000c7500000)
 Metaspace       used 71030K, committed 72256K, reserved 1114112K
  class space    used 7411K, committed 7936K, reserved 1048576K
}
Event: 25.137 GC heap before
{Heap before GC invocations=120 (full 6):
 PSYoungGen      total 11776K, used 11745K [0x00000000eab00000, 0x00000000eba80000, 0x0000000100000000)
  eden space 10240K, 100% used [0x00000000eab00000,0x00000000eb500000,0x00000000eb500000)
  from space 1536K, 98% used [0x00000000eb780000,0x00000000eb8f85e0,0x00000000eb900000)
  to   space 2560K, 0% used [0x00000000eb500000,0x00000000eb500000,0x00000000eb780000)
 ParOldGen       total 119808K, used 85783K [0x00000000c0000000, 0x00000000c7500000, 0x00000000eab00000)
  object space 119808K, 71% used [0x00000000c0000000,0x00000000c53c5f70,0x00000000c7500000)
 Metaspace       used 71035K, committed 72256K, reserved 1114112K
  class space    used 7411K, committed 7936K, reserved 1048576K
}
Event: 25.138 GC heap after
{Heap after GC invocations=120 (full 6):
 PSYoungGen      total 12800K, used 2542K [0x00000000eab00000, 0x00000000ebd00000, 0x0000000100000000)
  eden space 10240K, 0% used [0x00000000eab00000,0x00000000eab00000,0x00000000eb500000)
  from space 2560K, 99% used [0x00000000eb500000,0x00000000eb77b8a0,0x00000000eb780000)
  to   space 4096K, 0% used [0x00000000eb900000,0x00000000eb900000,0x00000000ebd00000)
 ParOldGen       total 119808K, used 86995K [0x00000000c0000000, 0x00000000c7500000, 0x00000000eab00000)
  object space 119808K, 72% used [0x00000000c0000000,0x00000000c54f4f70,0x00000000c7500000)
 Metaspace       used 71035K, committed 72256K, reserved 1114112K
  class space    used 7411K, committed 7936K, reserved 1048576K
}
Event: 25.161 GC heap before
{Heap before GC invocations=121 (full 6):
 PSYoungGen      total 12800K, used 12782K [0x00000000eab00000, 0x00000000ebd00000, 0x0000000100000000)
  eden space 10240K, 100% used [0x00000000eab00000,0x00000000eb500000,0x00000000eb500000)
  from space 2560K, 99% used [0x00000000eb500000,0x00000000eb77b8a0,0x00000000eb780000)
  to   space 4096K, 0% used [0x00000000eb900000,0x00000000eb900000,0x00000000ebd00000)
 ParOldGen       total 119808K, used 86995K [0x00000000c0000000, 0x00000000c7500000, 0x00000000eab00000)
  object space 119808K, 72% used [0x00000000c0000000,0x00000000c54f4f70,0x00000000c7500000)
 Metaspace       used 71054K, committed 72320K, reserved 1114112K
  class space    used 7411K, committed 7936K, reserved 1048576K
}
Event: 25.162 GC heap after
{Heap after GC invocations=121 (full 6):
 PSYoungGen      total 13312K, used 2856K [0x00000000eab00000, 0x00000000ebc00000, 0x0000000100000000)
  eden space 10240K, 0% used [0x00000000eab00000,0x00000000eab00000,0x00000000eb500000)
  from space 3072K, 92% used [0x00000000eb900000,0x00000000ebbca018,0x00000000ebc00000)
  to   space 3584K, 0% used [0x00000000eb500000,0x00000000eb500000,0x00000000eb880000)
 ParOldGen       total 119808K, used 87059K [0x00000000c0000000, 0x00000000c7500000, 0x00000000eab00000)
  object space 119808K, 72% used [0x00000000c0000000,0x00000000c5504f70,0x00000000c7500000)
 Metaspace       used 71054K, committed 72320K, reserved 1114112K
  class space    used 7411K, committed 7936K, reserved 1048576K
}
Event: 25.170 GC heap before
{Heap before GC invocations=122 (full 6):
 PSYoungGen      total 13312K, used 11913K [0x00000000eab00000, 0x00000000ebc00000, 0x0000000100000000)
  eden space 10240K, 88% used [0x00000000eab00000,0x00000000eb3d8720,0x00000000eb500000)
  from space 3072K, 92% used [0x00000000eb900000,0x00000000ebbca018,0x00000000ebc00000)
  to   space 3584K, 0% used [0x00000000eb500000,0x00000000eb500000,0x00000000eb880000)
 ParOldGen       total 119808K, used 87059K [0x00000000c0000000, 0x00000000c7500000, 0x00000000eab00000)
  object space 119808K, 72% used [0x00000000c0000000,0x00000000c5504f70,0x00000000c7500000)
 Metaspace       used 71055K, committed 72320K, reserved 1114112K
  class space    used 7411K, committed 7936K, reserved 1048576K
}
Event: 25.172 GC heap after
{Heap after GC invocations=122 (full 6):
 PSYoungGen      total 13824K, used 3569K [0x00000000eab00000, 0x00000000ebf00000, 0x0000000100000000)
  eden space 10240K, 0% used [0x00000000eab00000,0x00000000eab00000,0x00000000eb500000)
  from space 3584K, 99% used [0x00000000eb500000,0x00000000eb87c508,0x00000000eb880000)
  to   space 5120K, 0% used [0x00000000eba00000,0x00000000eba00000,0x00000000ebf00000)
 ParOldGen       total 119808K, used 88215K [0x00000000c0000000, 0x00000000c7500000, 0x00000000eab00000)
  object space 119808K, 73% used [0x00000000c0000000,0x00000000c5625c80,0x00000000c7500000)
 Metaspace       used 71055K, committed 72320K, reserved 1114112K
  class space    used 7411K, committed 7936K, reserved 1048576K
}
Event: 25.183 GC heap before
{Heap before GC invocations=123 (full 6):
 PSYoungGen      total 13824K, used 13799K [0x00000000eab00000, 0x00000000ebf00000, 0x0000000100000000)
  eden space 10240K, 99% used [0x00000000eab00000,0x00000000eb4fd758,0x00000000eb500000)
  from space 3584K, 99% used [0x00000000eb500000,0x00000000eb87c508,0x00000000eb880000)
  to   space 5120K, 0% used [0x00000000eba00000,0x00000000eba00000,0x00000000ebf00000)
 ParOldGen       total 119808K, used 88215K [0x00000000c0000000, 0x00000000c7500000, 0x00000000eab00000)
  object space 119808K, 73% used [0x00000000c0000000,0x00000000c5625c80,0x00000000c7500000)
 Metaspace       used 71055K, committed 72320K, reserved 1114112K
  class space    used 7411K, committed 7936K, reserved 1048576K
}
Event: 25.186 GC heap after
{Heap after GC invocations=123 (full 6):
 PSYoungGen      total 14848K, used 4347K [0x00000000eab00000, 0x00000000ebe80000, 0x0000000100000000)
  eden space 10240K, 0% used [0x00000000eab00000,0x00000000eab00000,0x00000000eb500000)
  from space 4608K, 94% used [0x00000000eba00000,0x00000000ebe3efb0,0x00000000ebe80000)
  to   space 4608K, 0% used [0x00000000eb580000,0x00000000eb580000,0x00000000eba00000)
 ParOldGen       total 119808K, used 88247K [0x00000000c0000000, 0x00000000c7500000, 0x00000000eab00000)
  object space 119808K, 73% used [0x00000000c0000000,0x00000000c562dc80,0x00000000c7500000)
 Metaspace       used 71055K, committed 72320K, reserved 1114112K
  class space    used 7411K, committed 7936K, reserved 1048576K
}
Event: 25.198 GC heap before
{Heap before GC invocations=124 (full 6):
 PSYoungGen      total 14848K, used 14395K [0x00000000eab00000, 0x00000000ebe80000, 0x0000000100000000)
  eden space 10240K, 98% used [0x00000000eab00000,0x00000000eb4cfff0,0x00000000eb500000)
  from space 4608K, 94% used [0x00000000eba00000,0x00000000ebe3efb0,0x00000000ebe80000)
  to   space 4608K, 0% used [0x00000000eb580000,0x00000000eb580000,0x00000000eba00000)
 ParOldGen       total 119808K, used 88247K [0x00000000c0000000, 0x00000000c7500000, 0x00000000eab00000)
  object space 119808K, 73% used [0x00000000c0000000,0x00000000c562dc80,0x00000000c7500000)
 Metaspace       used 71061K, committed 72320K, reserved 1114112K
  class space    used 7411K, committed 7936K, reserved 1048576K
}
Event: 25.201 GC heap after
{Heap after GC invocations=124 (full 6):
 PSYoungGen      total 15360K, used 4603K [0x00000000eab00000, 0x00000000ecc80000, 0x0000000100000000)
  eden space 10752K, 0% used [0x00000000eab00000,0x00000000eab00000,0x00000000eb580000)
  from space 4608K, 99% used [0x00000000eb580000,0x00000000eb9fed90,0x00000000eba00000)
  to   space 11264K, 0% used [0x00000000ec180000,0x00000000ec180000,0x00000000ecc80000)
 ParOldGen       total 119808K, used 93883K [0x00000000c0000000, 0x00000000c7500000, 0x00000000eab00000)
  object space 119808K, 78% used [0x00000000c0000000,0x00000000c5baec60,0x00000000c7500000)
 Metaspace       used 71061K, committed 72320K, reserved 1114112K
  class space    used 7411K, committed 7936K, reserved 1048576K
}
Event: 25.217 GC heap before
{Heap before GC invocations=125 (full 6):
 PSYoungGen      total 15360K, used 14555K [0x00000000eab00000, 0x00000000ecc80000, 0x0000000100000000)
  eden space 10752K, 92% used [0x00000000eab00000,0x00000000eb4b7f90,0x00000000eb580000)
  from space 4608K, 99% used [0x00000000eb580000,0x00000000eb9fed90,0x00000000eba00000)
  to   space 11264K, 0% used [0x00000000ec180000,0x00000000ec180000,0x00000000ecc80000)
 ParOldGen       total 119808K, used 93883K [0x00000000c0000000, 0x00000000c7500000, 0x00000000eab00000)
  object space 119808K, 78% used [0x00000000c0000000,0x00000000c5baec60,0x00000000c7500000)
 Metaspace       used 71067K, committed 72320K, reserved 1114112K
  class space    used 7411K, committed 7936K, reserved 1048576K
}
Event: 25.220 GC heap after
{Heap after GC invocations=125 (full 6):
 PSYoungGen      total 17408K, used 4646K [0x00000000eab00000, 0x00000000ec680000, 0x0000000100000000)
  eden space 12288K, 0% used [0x00000000eab00000,0x00000000eab00000,0x00000000eb700000)
  from space 5120K, 90% used [0x00000000ec180000,0x00000000ec609a18,0x00000000ec680000)
  to   space 7168K, 0% used [0x00000000eb880000,0x00000000eb880000,0x00000000ebf80000)
 ParOldGen       total 119808K, used 93915K [0x00000000c0000000, 0x00000000c7500000, 0x00000000eab00000)
  object space 119808K, 78% used [0x00000000c0000000,0x00000000c5bb6c60,0x00000000c7500000)
 Metaspace       used 71067K, committed 72320K, reserved 1114112K
  class space    used 7411K, committed 7936K, reserved 1048576K
}
Event: 33.468 GC heap before
{Heap before GC invocations=126 (full 6):
 PSYoungGen      total 17408K, used 16934K [0x00000000eab00000, 0x00000000ec680000, 0x0000000100000000)
  eden space 12288K, 100% used [0x00000000eab00000,0x00000000eb700000,0x00000000eb700000)
  from space 5120K, 90% used [0x00000000ec180000,0x00000000ec609a18,0x00000000ec680000)
  to   space 7168K, 0% used [0x00000000eb880000,0x00000000eb880000,0x00000000ebf80000)
 ParOldGen       total 119808K, used 93915K [0x00000000c0000000, 0x00000000c7500000, 0x00000000eab00000)
  object space 119808K, 78% used [0x00000000c0000000,0x00000000c5bb6c60,0x00000000c7500000)
 Metaspace       used 71471K, committed 72832K, reserved 1114112K
  class space    used 7482K, committed 8064K, reserved 1048576K
}
Event: 33.471 GC heap after
{Heap after GC invocations=126 (full 6):
 PSYoungGen      total 16384K, used 3916K [0x00000000eab00000, 0x00000000ec200000, 0x0000000100000000)
  eden space 12288K, 0% used [0x00000000eab00000,0x00000000eab00000,0x00000000eb700000)
  from space 4096K, 95% used [0x00000000eb880000,0x00000000ebc53220,0x00000000ebc80000)
  to   space 4608K, 0% used [0x00000000ebd80000,0x00000000ebd80000,0x00000000ec200000)
 ParOldGen       total 119808K, used 93971K [0x00000000c0000000, 0x00000000c7500000, 0x00000000eab00000)
  object space 119808K, 78% used [0x00000000c0000000,0x00000000c5bc4c60,0x00000000c7500000)
 Metaspace       used 71471K, committed 72832K, reserved 1114112K
  class space    used 7482K, committed 8064K, reserved 1048576K
}
Event: 33.608 GC heap before
{Heap before GC invocations=127 (full 6):
 PSYoungGen      total 16384K, used 16204K [0x00000000eab00000, 0x00000000ec200000, 0x0000000100000000)
  eden space 12288K, 100% used [0x00000000eab00000,0x00000000eb700000,0x00000000eb700000)
  from space 4096K, 95% used [0x00000000eb880000,0x00000000ebc53220,0x00000000ebc80000)
  to   space 4608K, 0% used [0x00000000ebd80000,0x00000000ebd80000,0x00000000ec200000)
 ParOldGen       total 119808K, used 93971K [0x00000000c0000000, 0x00000000c7500000, 0x00000000eab00000)
  object space 119808K, 78% used [0x00000000c0000000,0x00000000c5bc4c60,0x00000000c7500000)
 Metaspace       used 73235K, committed 74496K, reserved 1179648K
  class space    used 7688K, committed 8192K, reserved 1048576K
}
Event: 33.610 GC heap after
{Heap after GC invocations=127 (full 6):
 PSYoungGen      total 16896K, used 4600K [0x00000000eab00000, 0x00000000ec300000, 0x0000000100000000)
  eden space 12288K, 0% used [0x00000000eab00000,0x00000000eab00000,0x00000000eb700000)
  from space 4608K, 99% used [0x00000000ebd80000,0x00000000ec1fe3d0,0x00000000ec200000)
  to   space 6144K, 0% used [0x00000000eb700000,0x00000000eb700000,0x00000000ebd00000)
 ParOldGen       total 119808K, used 94973K [0x00000000c0000000, 0x00000000c7500000, 0x00000000eab00000)
  object space 119808K, 79% used [0x00000000c0000000,0x00000000c5cbf400,0x00000000c7500000)
 Metaspace       used 73235K, committed 74496K, reserved 1179648K
  class space    used 7688K, committed 8192K, reserved 1048576K
}

